<?xml version="1.0" encoding="UTF-8"?>
<!-- Generated by org.testng.reporters.JUnitReportReporter -->
<testsuite hostname="DESKTOP-75ALLF2" failures="0" tests="1" name="flipkart.BrowserTest" time="1.972" errors="0" timestamp="2024-06-07T15:42:48 IST" skipped="0">
  <testcase classname="flipkart.BrowserTest" name="Scriptbrowser" time="1.972"/>
  <system-out/>
</testsuite> <!-- flipkart.BrowserTest -->
