<?xml version="1.0" encoding="UTF-8"?>
<!-- Generated by org.testng.reporters.JUnitReportReporter -->
<testsuite hostname="DESKTOP-75ALLF2" failures="0" tests="1" name="flipkart.MainMock" time="34.147" errors="0" timestamp="2024-06-06T17:54:10 IST" skipped="0">
  <testcase classname="flipkart.MainMock" name="script" time="34.147"/>
  <system-out/>
</testsuite> <!-- flipkart.MainMock -->
